1589311145266|INFO |Creation | New Personal Page for Team have been created have been defined; Owner NAME: goo gle; Personal Page ID: null; Team ID:null
1589311442688|INFO |Creation | New Personal Page for Team have been created have been defined; Owner NAME: goo gle; Personal Page ID: null; Team ID:null
1589311476750|INFO |Creation | New Personal Page for Team have been created have been defined; Owner NAME: goo gle; Personal Page ID: null; Team ID:null
1589311535767|INFO |Creation | New Personal Page for Team have been created have been defined; Owner NAME: goo gle; Personal Page ID: null; Team ID:null
1589311947296|INFO |Creation | New Personal Page for Team have been created have been defined; Owner NAME: goo gle; Personal Page ID: null; Team ID:null
1589312247090|INFO |Creation | New Personal Page for Team have been created have been defined; Owner NAME: goo gle; Personal Page ID: null; Team ID:null
1589480561025|INFO |opening conecction to mongo DB...
1589480562915|INFO |Creation | New Personal Page for Team have been created have been defined; Owner NAME: ron niceman; Personal Page ID: null; Team ID:null
1589480568892|INFO |Creation | New Personal Page for Team have been created have been defined; Owner NAME: dan glizman; Personal Page ID: null; Team ID:null
1589480601104|INFO |opening conecction to mongo DB...
1589480602988|INFO |Creation | New Personal Page for Team have been created have been defined; Owner NAME: ron niceman; Personal Page ID: null; Team ID:null
1589480608999|INFO |Creation | New Personal Page for Team have been created have been defined; Owner NAME: dan glizman; Personal Page ID: null; Team ID:null
1589480610546|INFO |Creation | New Fan sing up to the system; user ID: 5ebd8ca2a3148703b6a1c111
1589480887001|INFO |opening conecction to mongo DB...
1589480888679|INFO |Creation | New Personal Page for Team have been created have been defined; Owner NAME: ron niceman; Personal Page ID: null; Team ID:null
1589480894170|INFO |Creation | New Personal Page for Team have been created have been defined; Owner NAME: dan glizman; Personal Page ID: null; Team ID:null
1589480918254|INFO |opening conecction to mongo DB...
1589480920260|INFO |Creation | New Personal Page for Team have been created have been defined; Owner NAME: ron niceman; Personal Page ID: null; Team ID:null
1589480924858|INFO |Creation | New Personal Page for Team have been created have been defined; Owner NAME: dan glizman; Personal Page ID: null; Team ID:null
1589480964243|INFO |opening conecction to mongo DB...
1589480966029|INFO |Creation | New Personal Page for Team have been created have been defined; Owner NAME: ron niceman; Personal Page ID: null; Team ID:null
1589480970647|INFO |Creation | New Personal Page for Team have been created have been defined; Owner NAME: dan glizman; Personal Page ID: null; Team ID:null
1589481059267|INFO |opening conecction to mongo DB...
1589481061064|INFO |Creation | New Personal Page for Team have been created have been defined; Owner NAME: ron niceman; Personal Page ID: null; Team ID:null
1589481066649|INFO |Creation | New Personal Page for Team have been created have been defined; Owner NAME: dan glizman; Personal Page ID: null; Team ID:null
1589481079198|INFO |opening conecction to mongo DB...
1589481081066|INFO |Creation | New Personal Page for Team have been created have been defined; Owner NAME: ron niceman; Personal Page ID: null; Team ID:null
1589481085530|INFO |Creation | New Personal Page for Team have been created have been defined; Owner NAME: dan glizman; Personal Page ID: null; Team ID:null
1589481314517|INFO |opening conecction to mongo DB...
1589481316286|INFO |Creation | New Personal Page for Team have been created have been defined; Owner NAME: ron niceman; Personal Page ID: null; Team ID:null
1589481320937|INFO |Creation | New Personal Page for Team have been created have been defined; Owner NAME: dan glizman; Personal Page ID: null; Team ID:null
1589481368950|INFO |opening conecction to mongo DB...
1589481371098|INFO |Creation | New Personal Page for Team have been created have been defined; Owner NAME: ron niceman; Personal Page ID: null; Team ID:null
1589481372519|INFO |opening conecction to mongo DB...
1589481375261|INFO |Creation | New Personal Page for Team have been created have been defined; Owner NAME: ron niceman; Personal Page ID: null; Team ID:null
1589481377718|INFO |Creation | New Personal Page for Team have been created have been defined; Owner NAME: dan glizman; Personal Page ID: null; Team ID:null
1589481379690|INFO |Creation | New Personal Page for Team have been created have been defined; Owner NAME: dan glizman; Personal Page ID: null; Team ID:null
1589481425952|INFO |opening conecction to mongo DB...
1589481427788|INFO |Creation | New Personal Page for Team have been created have been defined; Owner NAME: ron niceman; Personal Page ID: null; Team ID:null
1589481432350|INFO |Creation | New Personal Page for Team have been created have been defined; Owner NAME: dan glizman; Personal Page ID: null; Team ID:null
1589481529629|INFO |opening conecction to mongo DB...
1589481531487|INFO |Creation | New Personal Page for Team have been created have been defined; Owner NAME: ron niceman; Personal Page ID: null; Team ID:null
1589481536342|INFO |Creation | New Personal Page for Team have been created have been defined; Owner NAME: dan glizman; Personal Page ID: null; Team ID:null
1589481590532|INFO |opening conecction to mongo DB...
1589481592259|INFO |Creation | New Personal Page for Team have been created have been defined; Owner NAME: ron niceman; Personal Page ID: null; Team ID:null
1589481596657|INFO |Creation | New Personal Page for Team have been created have been defined; Owner NAME: dan glizman; Personal Page ID: null; Team ID:null
1589481742013|INFO |opening conecction to mongo DB...
1589481743738|INFO |Creation | New Personal Page for Team have been created have been defined; Owner NAME: ron niceman; Personal Page ID: null; Team ID:null
1589481749504|INFO |Creation | New Personal Page for Team have been created have been defined; Owner NAME: dan glizman; Personal Page ID: null; Team ID:null
1589481827890|INFO |opening conecction to mongo DB...
1589481829994|INFO |Creation | New Personal Page for Team have been created have been defined; Owner NAME: ron niceman; Personal Page ID: null; Team ID:null
1589481834477|INFO |Creation | New Personal Page for Team have been created have been defined; Owner NAME: dan glizman; Personal Page ID: null; Team ID:null
1589481843412|INFO |opening conecction to mongo DB...
1589481850541|INFO |Creation | New Personal Page for Team have been created have been defined; Owner NAME: ron niceman; Personal Page ID: null; Team ID:null
1589481900231|INFO |opening conecction to mongo DB...
1589481901864|INFO |Creation | New Personal Page for Team have been created have been defined; Owner NAME: ron niceman; Personal Page ID: null; Team ID:null
1589481906896|INFO |Creation | New Personal Page for Team have been created have been defined; Owner NAME: dan glizman; Personal Page ID: null; Team ID:null
1589481957462|INFO |opening conecction to mongo DB...
1589481961422|INFO |Creation | New Personal Page for Team have been created have been defined; Owner NAME: ron niceman; Personal Page ID: null; Team ID:null
1589481981432|INFO |opening conecction to mongo DB...
1589482021986|INFO |Creation | New Personal Page for Team have been created have been defined; Owner NAME: ron niceman; Personal Page ID: null; Team ID:null
1589482605534|INFO |opening conecction to mongo DB...
1589482648653|INFO |Creation | New Personal Page for Team have been created have been defined; Owner NAME: ron niceman; Personal Page ID: null; Team ID:null
1589482665450|INFO |opening conecction to mongo DB...
1589482708236|INFO |Creation | New Personal Page for Team have been created have been defined; Owner NAME: ron niceman; Personal Page ID: null; Team ID:null
1589482778765|INFO |opening conecction to mongo DB...
1589482786729|INFO |Creation | New Personal Page for Team have been created have been defined; Owner NAME: ron niceman; Personal Page ID: null; Team ID:null
1589482817366|INFO |Creation | New Personal Page for Team have been created have been defined; Owner NAME: dan glizman; Personal Page ID: null; Team ID:null
1589482994236|INFO |opening conecction to mongo DB...
1589482996145|INFO |Creation | New Personal Page for Team have been created have been defined; Owner NAME: ron niceman; Personal Page ID: null; Team ID:null
1589483001138|INFO |Creation | New Personal Page for Team have been created have been defined; Owner NAME: dan glizman; Personal Page ID: null; Team ID:null
1589483206180|INFO |opening conecction to mongo DB...
1589483218735|INFO |Creation | New Personal Page for Team have been created have been defined; Owner NAME: ron niceman; Personal Page ID: null; Team ID:null
1589483222375|INFO |Creation | New Personal Page for Team have been created have been defined; Owner NAME: dan glizman; Personal Page ID: null; Team ID:null
1589483487495|INFO |opening conecction to mongo DB...
1589483489198|INFO |Creation | New Personal Page for Team have been created have been defined; Owner NAME: ron niceman; Personal Page ID: null; Team ID:null
1589483493772|INFO |Creation | New Personal Page for Team have been created have been defined; Owner NAME: dan glizman; Personal Page ID: null; Team ID:null
